<?xml version="1.0" encoding="UTF-8"?>
<!-- Generated by org.testng.reporters.JUnitReportReporter -->
<testsuite hostname="DESKTOP-IS5NC7T" failures="0" tests="2" name="Tests.RadioButtonPageTest" time="63.029" errors="0" timestamp="2024-05-26T09:23:53 IST" skipped="0">
  <testcase classname="Tests.RadioButtonPageTest" name="impressiveButtonTest" time="31.010"/>
  <testcase classname="Tests.RadioButtonPageTest" name="yesButtonTest" time="32.019"/>
</testsuite> <!-- Tests.RadioButtonPageTest -->
