<?xml version="1.0" encoding="UTF-8"?>
<!-- Generated by org.testng.reporters.JUnitReportReporter -->
<testsuite hostname="DESKTOP-IS5NC7T" failures="0" tests="2" name="Tests.WindowHandlesPageTest" time="37.162" errors="0" timestamp="2024-06-02T17:43:15 IST" skipped="0">
  <testcase classname="Tests.WindowHandlesPageTest" name="tabHandleTest" time="18.860"/>
  <testcase classname="Tests.WindowHandlesPageTest" name="windowHandleTest" time="18.302"/>
</testsuite> <!-- Tests.WindowHandlesPageTest -->
