<?xml version="1.0" encoding="UTF-8"?>
<!-- Generated by org.testng.reporters.JUnitReportReporter -->
<testsuite hostname="DESKTOP-IS5NC7T" failures="0" tests="2" name="Tests.NestedPageTest" time="40.827" errors="0" timestamp="2024-06-02T17:43:15 IST" skipped="0">
  <testcase classname="Tests.NestedPageTest" name="nestedParentPagetest" time="19.199"/>
  <testcase classname="Tests.NestedPageTest" name="nestedChildPagetest" time="21.628"/>
</testsuite> <!-- Tests.NestedPageTest -->
