<?xml version="1.0" encoding="UTF-8"?>
<!-- Generated by org.testng.reporters.JUnitReportReporter -->
<testsuite hostname="DESKTOP-IS5NC7T" failures="0" tests="1" name="Tests.FrameHanldePageTest" time="20.064" errors="0" timestamp="2024-06-02T17:46:39 IST" skipped="0">
  <testcase classname="Tests.FrameHanldePageTest" name="iframe1Test" time="20.064"/>
</testsuite> <!-- Tests.FrameHanldePageTest -->
