<?xml version="1.0" encoding="UTF-8"?>
<!-- Generated by org.testng.reporters.JUnitReportReporter -->
<testsuite hostname="DESKTOP-IS5NC7T" failures="0" tests="1" name="Tests.TextBoxTest" time="44.027" errors="0" timestamp="2024-05-29T08:13:55 IST" skipped="0">
  <testcase classname="Tests.TextBoxTest" name="textBoxFakerTest" time="44.027"/>
</testsuite> <!-- Tests.TextBoxTest -->
