<?xml version="1.0" encoding="UTF-8"?>
<!-- Generated by org.testng.reporters.JUnitReportReporter -->
<testsuite hostname="DESKTOP-IS5NC7T" failures="0" tests="1" name="Tests.WindowHandlesPageTest" time="33.338" errors="0" timestamp="2024-05-22T00:19:13 IST" skipped="0">
  <testcase classname="Tests.WindowHandlesPageTest" name="windowHandleTest" time="33.338"/>
</testsuite> <!-- Tests.WindowHandlesPageTest -->
