<?xml version="1.0" encoding="UTF-8"?>
<!-- Generated by org.testng.reporters.JUnitReportReporter -->
<testsuite hostname="DESKTOP-IS5NC7T" failures="0" tests="2" name="Tests.FrameHanldePageTest" time="58.792" errors="0" timestamp="2024-05-24T00:40:40 IST" skipped="0">
  <testcase classname="Tests.FrameHanldePageTest" name="iframe1Test" time="21.963"/>
  <testcase classname="Tests.FrameHanldePageTest" name="iframe2Test" time="36.829"/>
</testsuite> <!-- Tests.FrameHanldePageTest -->
