<?xml version="1.0" encoding="UTF-8"?>
<!-- Generated by org.testng.reporters.JUnitReportReporter -->
<testsuite hostname="DESKTOP-IS5NC7T" failures="0" tests="2" name="Tests.ModeldiloguePageTest" time="38.875" errors="0" timestamp="2024-05-25T17:08:20 IST" skipped="0">
  <testcase classname="Tests.ModeldiloguePageTest" name="largeModelTest" time="17.475"/>
  <testcase classname="Tests.ModeldiloguePageTest" name="smallModelTest" time="21.400"/>
</testsuite> <!-- Tests.ModeldiloguePageTest -->
