<?xml version="1.0" encoding="UTF-8"?>
<!-- Generated by org.testng.reporters.JUnitReportReporter -->
<testsuite hostname="DESKTOP-IS5NC7T" failures="0" tests="1" name="Tests.ButtonsTests" time="30.606" errors="0" timestamp="2024-06-02T17:43:15 IST" skipped="0">
  <testcase classname="Tests.ButtonsTests" name="testClickButtons" time="30.606"/>
</testsuite> <!-- Tests.ButtonsTests -->
