<?xml version="1.0" encoding="UTF-8"?>
<!-- Generated by org.testng.reporters.JUnitReportReporter -->
<testsuite hostname="DESKTOP-IS5NC7T" failures="0" tests="1" name="Tests.TextBoxTest" time="28.474" errors="0" timestamp="2024-06-02T17:43:15 IST" skipped="0">
  <testcase classname="Tests.TextBoxTest" name="textBoxFakerTest" time="28.474"/>
</testsuite> <!-- Tests.TextBoxTest -->
