<?xml version="1.0" encoding="UTF-8"?>
<!-- Generated by org.testng.reporters.JUnitReportReporter -->
<testsuite hostname="DESKTOP-IS5NC7T" failures="0" tests="1" name="Tests.CheckBoxPageTest" time="23.806" errors="0" timestamp="2024-05-25T23:59:52 IST" skipped="0">
  <testcase classname="Tests.CheckBoxPageTest" name="testCheckBoxExpansion" time="23.806"/>
</testsuite> <!-- Tests.CheckBoxPageTest -->
