<?xml version="1.0" encoding="UTF-8"?>
<!-- Generated by org.testng.reporters.JUnitReportReporter -->
<testsuite hostname="DESKTOP-IS5NC7T" failures="0" tests="2" name="Tests.WindowHandlesPageTest" time="34.900" errors="0" timestamp="2024-05-23T09:14:44 IST" skipped="0">
  <testcase classname="Tests.WindowHandlesPageTest" name="tabHandleTest" time="16.159"/>
  <testcase classname="Tests.WindowHandlesPageTest" name="windowHandleTest" time="18.741"/>
</testsuite> <!-- Tests.WindowHandlesPageTest -->
