<?xml version="1.0" encoding="UTF-8"?>
<!-- Generated by org.testng.reporters.JUnitReportReporter -->
<testsuite hostname="DESKTOP-IS5NC7T" failures="0" tests="1" name="Tests.ButtonsPageTest" time="27.823" errors="0" timestamp="2024-05-26T14:47:39 IST" skipped="0">
  <testcase classname="Tests.ButtonsPageTest" name="buttonsTest" time="27.823"/>
</testsuite> <!-- Tests.ButtonsPageTest -->
