<?xml version="1.0" encoding="UTF-8"?>
<!-- Generated by org.testng.reporters.JUnitReportReporter -->
<testsuite hostname="DESKTOP-IS5NC7T" failures="0" tests="2" name="Tests.RadioButtonPageTest" time="58.540" errors="0" timestamp="2024-06-02T17:43:15 IST" skipped="0">
  <testcase classname="Tests.RadioButtonPageTest" name="impressiveButtonTest" time="30.445"/>
  <testcase classname="Tests.RadioButtonPageTest" name="yesButtonTest" time="28.095"/>
</testsuite> <!-- Tests.RadioButtonPageTest -->
