<?xml version="1.0" encoding="UTF-8"?>
<!-- Generated by org.testng.reporters.JUnitReportReporter -->
<testsuite hostname="DESKTOP-IS5NC7T" failures="0" tests="2" name="Tests.ModeldiloguePageTest" time="35.456" errors="0" timestamp="2024-06-02T17:43:15 IST" skipped="0">
  <testcase classname="Tests.ModeldiloguePageTest" name="largeModelTest" time="18.260"/>
  <testcase classname="Tests.ModeldiloguePageTest" name="smallModelTest" time="17.196"/>
</testsuite> <!-- Tests.ModeldiloguePageTest -->
