<?xml version="1.0" encoding="UTF-8"?>
<!-- Generated by org.testng.reporters.JUnitReportReporter -->
<testsuite hostname="DESKTOP-IS5NC7T" failures="0" tests="1" name="Tests.TextBoxTest" time="26.673" errors="0" timestamp="2024-05-29T09:10:01 IST" skipped="0">
  <testcase classname="Tests.TextBoxTest" name="textBoxFakerTest" time="26.673"/>
</testsuite> <!-- Tests.TextBoxTest -->
